<?xml version="1.0" encoding="UTF-8"?>
<coverage generated="1777122199532" clover="3.2.0">
  <project timestamp="1777122199532" name="All files">
    <metrics statements="55" coveredstatements="52" conditionals="29" coveredconditionals="24" methods="16" coveredmethods="13" elements="100" coveredelements="89" complexity="0" loc="55" ncloc="55" packages="3" files="5" classes="5"/>
    <package name="src">
      <metrics statements="9" coveredstatements="9" conditionals="4" coveredconditionals="3" methods="3" coveredmethods="3"/>
      <file name="app.controller.ts" path="F:\Projects\Human-Capital-Management\src\app.controller.ts">
        <metrics statements="6" coveredstatements="6" conditionals="4" coveredconditionals="3" methods="2" coveredmethods="2"/>
        <line num="1" count="1" type="stmt"/>
        <line num="2" count="1" type="stmt"/>
        <line num="5" count="1" type="stmt"/>
        <line num="6" count="1" type="cond" truecount="3" falsecount="1"/>
        <line num="9" count="1" type="stmt"/>
        <line num="10" count="1" type="stmt"/>
      </file>
      <file name="app.service.ts" path="F:\Projects\Human-Capital-Management\src\app.service.ts">
        <metrics statements="3" coveredstatements="3" conditionals="0" coveredconditionals="0" methods="1" coveredmethods="1"/>
        <line num="1" count="1" type="stmt"/>
        <line num="4" count="1" type="stmt"/>
        <line num="6" count="1" type="stmt"/>
      </file>
    </package>
    <package name="src.hcm-mock">
      <metrics statements="12" coveredstatements="12" conditionals="9" coveredconditionals="8" methods="3" coveredmethods="3"/>
      <file name="hcm-mock.service.ts" path="F:\Projects\Human-Capital-Management\src\hcm-mock\hcm-mock.service.ts">
        <metrics statements="12" coveredstatements="12" conditionals="9" coveredconditionals="8" methods="3" coveredmethods="3"/>
        <line num="1" count="3" type="stmt"/>
        <line num="4" count="3" type="stmt"/>
        <line num="5" count="8" type="stmt"/>
        <line num="8" count="8" type="stmt"/>
        <line num="9" count="8" type="stmt"/>
        <line num="13" count="4" type="cond" truecount="2" falsecount="0"/>
        <line num="17" count="3" type="stmt"/>
        <line num="18" count="3" type="cond" truecount="1" falsecount="1"/>
        <line num="21" count="3" type="cond" truecount="4" falsecount="0"/>
        <line num="22" count="1" type="stmt"/>
        <line num="25" count="2" type="stmt"/>
        <line num="26" count="2" type="stmt"/>
      </file>
    </package>
    <package name="src.time-off">
      <metrics statements="34" coveredstatements="31" conditionals="16" coveredconditionals="13" methods="10" coveredmethods="7"/>
      <file name="time-off.resolver.ts" path="F:\Projects\Human-Capital-Management\src\time-off\time-off.resolver.ts">
        <metrics statements="13" coveredstatements="10" conditionals="4" coveredconditionals="3" methods="7" coveredmethods="4"/>
        <line num="1" count="1" type="stmt"/>
        <line num="2" count="1" type="stmt"/>
        <line num="3" count="1" type="stmt"/>
        <line num="5" count="2" type="stmt"/>
        <line num="6" count="1" type="stmt"/>
        <line num="7" count="2" type="cond" truecount="3" falsecount="1"/>
        <line num="9" count="0" type="stmt"/>
        <line num="10" count="1" type="stmt"/>
        <line num="14" count="1" type="stmt"/>
        <line num="17" count="0" type="stmt"/>
        <line num="18" count="1" type="stmt"/>
        <line num="21" count="0" type="stmt"/>
        <line num="23" count="1" type="stmt"/>
      </file>
      <file name="time-off.service.ts" path="F:\Projects\Human-Capital-Management\src\time-off\time-off.service.ts">
        <metrics statements="21" coveredstatements="21" conditionals="12" coveredconditionals="10" methods="3" coveredmethods="3"/>
        <line num="1" count="2" type="stmt"/>
        <line num="2" count="2" type="stmt"/>
        <line num="3" count="2" type="stmt"/>
        <line num="4" count="2" type="stmt"/>
        <line num="5" count="2" type="stmt"/>
        <line num="8" count="2" type="stmt"/>
        <line num="11" count="4" type="cond" truecount="6" falsecount="2"/>
        <line num="12" count="4" type="stmt"/>
        <line num="16" count="4" type="stmt"/>
        <line num="17" count="4" type="stmt"/>
        <line num="19" count="4" type="cond" truecount="2" falsecount="0"/>
        <line num="21" count="1" type="stmt"/>
        <line num="22" count="1" type="stmt"/>
        <line num="23" count="1" type="stmt"/>
        <line num="25" count="4" type="stmt"/>
        <line num="29" count="2" type="stmt"/>
        <line num="32" count="2" type="cond" truecount="2" falsecount="0"/>
        <line num="33" count="1" type="stmt"/>
        <line num="37" count="1" type="stmt"/>
        <line num="40" count="1" type="stmt"/>
        <line num="41" count="1" type="stmt"/>
      </file>
    </package>
  </project>
</coverage>
