TN:
SF:src\app.controller.ts
FN:6,(anonymous_2)
FN:9,(anonymous_3)
FNF:2
FNH:2
FNDA:1,(anonymous_2)
FNDA:1,(anonymous_3)
DA:1,1
DA:2,1
DA:5,1
DA:6,1
DA:9,1
DA:10,1
LF:6
LH:6
BRDA:6,0,0,1
BRDA:6,0,1,0
BRDA:6,1,0,1
BRDA:6,1,1,1
BRF:4
BRH:3
end_of_record
TN:
SF:src\app.service.ts
FN:5,(anonymous_1)
FNF:1
FNH:1
FNDA:1,(anonymous_1)
DA:1,1
DA:4,1
DA:6,1
LF:3
LH:3
BRF:0
BRH:0
end_of_record
TN:
SF:src\hcm-mock\hcm-mock.service.ts
FN:7,(anonymous_2)
FN:12,(anonymous_3)
FN:16,(anonymous_4)
FNF:3
FNH:3
FNDA:8,(anonymous_2)
FNDA:4,(anonymous_3)
FNDA:3,(anonymous_4)
DA:1,3
DA:4,3
DA:5,8
DA:8,8
DA:9,8
DA:13,4
DA:17,3
DA:18,3
DA:21,3
DA:22,1
DA:25,2
DA:26,2
LF:12
LH:12
BRDA:13,0,0,4
BRDA:13,0,1,1
BRDA:16,1,0,2
BRDA:18,2,0,3
BRDA:18,2,1,0
BRDA:21,3,0,1
BRDA:21,3,1,2
BRDA:21,4,0,3
BRDA:21,4,1,2
BRF:9
BRH:8
end_of_record
TN:
SF:src\time-off\time-off.resolver.ts
FN:7,(anonymous_4)
FN:10,(anonymous_5)
FN:18,(anonymous_6)
FN:9,(anonymous_7)
FN:17,(anonymous_8)
FN:21,(anonymous_9)
FN:5,(anonymous_10)
FNF:7
FNH:4
FNDA:2,(anonymous_4)
FNDA:1,(anonymous_5)
FNDA:1,(anonymous_6)
FNDA:0,(anonymous_7)
FNDA:0,(anonymous_8)
FNDA:0,(anonymous_9)
FNDA:2,(anonymous_10)
DA:1,1
DA:2,1
DA:3,1
DA:5,2
DA:6,1
DA:7,2
DA:9,0
DA:10,1
DA:14,1
DA:17,0
DA:18,1
DA:21,0
DA:23,1
LF:13
LH:10
BRDA:7,0,0,1
BRDA:7,0,1,0
BRDA:7,1,0,1
BRDA:7,1,1,1
BRF:4
BRH:3
end_of_record
TN:
SF:src\time-off\time-off.service.ts
FN:9,(anonymous_4)
FN:15,(anonymous_5)
FN:28,(anonymous_6)
FNF:3
FNH:3
FNDA:4,(anonymous_4)
FNDA:4,(anonymous_5)
FNDA:2,(anonymous_6)
DA:1,2
DA:2,2
DA:3,2
DA:4,2
DA:5,2
DA:8,2
DA:11,4
DA:12,4
DA:16,4
DA:17,4
DA:19,4
DA:21,1
DA:22,1
DA:23,1
DA:25,4
DA:29,2
DA:32,2
DA:33,1
DA:37,1
DA:40,1
DA:41,1
LF:21
LH:21
BRDA:19,0,0,1
BRDA:19,0,1,3
BRDA:32,1,0,1
BRDA:32,1,1,1
BRDA:11,2,0,2
BRDA:11,2,1,0
BRDA:11,3,0,2
BRDA:11,3,1,2
BRDA:11,4,0,2
BRDA:11,4,1,0
BRDA:11,5,0,2
BRDA:11,5,1,2
BRF:12
BRH:10
end_of_record
